Using pre-set license
Built from '2020.3/staging' branch; Version is '2020.3.9f1 (108be757e447) revision 1084391'; Using compiler version '192528614'; Build Type 'Release'
OS: 'Windows 10 Home; OS build 19041.985; Version 2004; 64bit' Language: 'en' Physical Memory: 16331 MB
BatchMode: 1, IsHumanControllingUs: 0, StartBugReporterOnCrash: 0, Is64bit: 1, IsPro: 0

 COMMAND LINE ARGUMENTS:
C:\Program Files\Unity\Hub\Editor\2020.3.9f1\Editor\Unity.exe
-adb2
-batchMode
-noUpm
-name
AssetImportWorker1
-projectPath
C:/Users/VIM/Documents/GitHub/GeAR
-logFile
Logs/AssetImportWorker1.log
-srvPort
49904
Successfully changed project path to: C:/Users/VIM/Documents/GitHub/GeAR
C:/Users/VIM/Documents/GitHub/GeAR
Using Asset Import Pipeline V2.
Refreshing native plugins compatible for Editor in 40.00 ms, found 2 plugins.
Preloading 1 native plugins for Editor in 1.25 ms.
Initialize engine version: 2020.3.9f1 (108be757e447)
[Subsystems] Discovering subsystems at path C:/Program Files/Unity/Hub/Editor/2020.3.9f1/Editor/Data/Resources/UnitySubsystems
[Subsystems] Discovering subsystems at path C:/Users/VIM/Documents/GitHub/GeAR/Assets
GfxDevice: creating device client; threaded=0
Direct3D:
    Version:  Direct3D 11.0 [level 11.1]
    Renderer: NVIDIA GeForce GTX 1080 Ti (ID=0x1b06)
    Vendor:   
    VRAM:     11127 MB
    Driver:   27.21.14.6109
Shader 'PointClouds/PointSplat': fallback shader 'PointClouds/PointSplatLegacy' not found
Initialize mono
Mono path[0] = 'C:/Program Files/Unity/Hub/Editor/2020.3.9f1/Editor/Data/Managed'
Mono path[1] = 'C:/Program Files/Unity/Hub/Editor/2020.3.9f1/Editor/Data/MonoBleedingEdge/lib/mono/unityjit'
Mono config path = 'C:/Program Files/Unity/Hub/Editor/2020.3.9f1/Editor/Data/MonoBleedingEdge/etc'
Using monoOptions --debugger-agent=transport=dt_socket,embedding=1,server=y,suspend=n,address=127.0.0.1:56812
Begin MonoManager ReloadAssembly
Registering precompiled unity dll's ...
Register platform support module: C:/Program Files/Unity/Hub/Editor/2020.3.9f1/Editor/Data/PlaybackEngines/WindowsStandaloneSupport/UnityEditor.WindowsStandalone.Extensions.dll
Registered in 0.001766 seconds.
Native extension for WindowsStandalone target not found
Refreshing native plugins compatible for Editor in 30.09 ms, found 2 plugins.
Preloading 1 native plugins for Editor in 0.06 ms.
Mono: successfully reloaded assembly
- Completed reload, in  2.530 seconds
Platform modules already initialized, skipping
Registering precompiled user dll's ...
Registered in 0.006586 seconds.
Begin MonoManager ReloadAssembly
Native extension for WindowsStandalone target not found
Refreshing native plugins compatible for Editor in 0.63 ms, found 2 plugins.
Preloading 1 native plugins for Editor in 0.07 ms.
System.NullReferenceException: Object reference not set to an instance of an object
  at Vuforia.EditorClasses.ExtensionTypeProvider.GetVuforiaPackageAbsPath () [0x0004a] in <f93bc12ce1034617aac9a18135b94276>:0 
  at Vuforia.EditorClasses.ExtensionTypeProvider.IsPackageManager () [0x00000] in <f93bc12ce1034617aac9a18135b94276>:0 
  at Vuforia.EditorClasses.ExtensionTypeProvider.ResolvePluginType () [0x00009] in <f93bc12ce1034617aac9a18135b94276>:0 
  at Vuforia.EditorClasses.ExtensionTypeProvider.GetPluginType () [0x0000c] in <f93bc12ce1034617aac9a18135b94276>:0 
  at Vuforia.EditorClasses.VuforiaUtilities.IsVuforiaEnabledInPlayerSettings () [0x00000] in <f93bc12ce1034617aac9a18135b94276>:0 
  at VuforiaEnabledObserver..cctor () [0x00000] in <f93bc12ce1034617aac9a18135b94276>:0 
UnityEngine.StackTraceUtility:ExtractStackTrace ()
UnityEngine.DebugLogHandler:LogFormat (UnityEngine.LogType,UnityEngine.Object,string,object[])
UnityEngine.Logger:Log (UnityEngine.LogType,object)
UnityEngine.Debug:LogError (object)
UnityEditor.EditorAssemblies:ProcessInitializeOnLoadAttributes (System.Type[])

System.NullReferenceException: Object reference not set to an instance of an object
  at Vuforia.EditorClasses.ExtensionTypeProvider.GetVuforiaPackageAbsPath () [0x0004a] in <f93bc12ce1034617aac9a18135b94276>:0 
  at Vuforia.EditorClasses.ExtensionTypeProvider.IsPackageManager () [0x00000] in <f93bc12ce1034617aac9a18135b94276>:0 
  at Vuforia.EditorClasses.ExtensionTypeProvider.ResolvePluginType () [0x00009] in <f93bc12ce1034617aac9a18135b94276>:0 
  at Vuforia.EditorClasses.ExtensionTypeProvider.GetPluginType () [0x0000c] in <f93bc12ce1034617aac9a18135b94276>:0 
  at Vuforia.EditorClasses.VuforiaUtilities.IsVuforiaEnabledInPlayerSettings () [0x00000] in <f93bc12ce1034617aac9a18135b94276>:0 
  at Vuforia.EditorClasses.InitializeOnLoadVuforiaTaskRunner..cctor () [0x00015] in <f93bc12ce1034617aac9a18135b94276>:0 
UnityEngine.StackTraceUtility:ExtractStackTrace ()
UnityEngine.DebugLogHandler:LogFormat (UnityEngine.LogType,UnityEngine.Object,string,object[])
UnityEngine.Logger:Log (UnityEngine.LogType,object)
UnityEngine.Debug:LogError (object)
UnityEditor.EditorAssemblies:ProcessInitializeOnLoadAttributes (System.Type[])

Mono: successfully reloaded assembly
- Completed reload, in  1.039 seconds
Platform modules already initialized, skipping
========================================================================
Worker process is ready to serve import requests
Shader 'PointClouds/PointSplat': fallback shader 'PointClouds/PointSplatLegacy' not found
Launched and connected shader compiler UnityShaderCompiler.exe after 0.06 seconds
Refreshing native plugins compatible for Editor in 0.62 ms, found 2 plugins.
Preloading 1 native plugins for Editor in 0.09 ms.
Unloading 1181 Unused Serialized files (Serialized files now loaded: 0)
System memory in use before: 63.8 MB.
System memory in use after: 63.9 MB.

Unloading 37 unused Assets to reduce memory usage. Loaded Objects now: 1881.
Total: 3.059500 ms (FindLiveObjects: 0.272800 ms CreateObjectMapping: 0.202500 ms MarkObjects: 2.485500 ms  DeleteObjects: 0.097000 ms)

========================================================================
Received Prepare
Shader 'PointClouds/PointSplat': fallback shader 'PointClouds/PointSplatLegacy' not found
Refreshing native plugins compatible for Editor in 14.01 ms, found 2 plugins.
Preloading 1 native plugins for Editor in 0.06 ms.
Unloading 30 Unused Serialized files (Serialized files now loaded: 0)
System memory in use before: 38.8 MB.
System memory in use after: 38.9 MB.

Unloading 30 unused Assets to reduce memory usage. Loaded Objects now: 1881.
Total: 2.124000 ms (FindLiveObjects: 0.209400 ms CreateObjectMapping: 0.252200 ms MarkObjects: 1.644700 ms  DeleteObjects: 0.017100 ms)

========================================================================
Received Import Request.
  path: Assets/Scenes/MainScene.unity
  artifactKey: Guid(9fc0d4010bbf28b4594072e72b8655ab) Importer(815301076,1909f56bfc062723c751e8b465ee728b)
Start importing Assets/Scenes/MainScene.unity using Guid(9fc0d4010bbf28b4594072e72b8655ab) Importer(815301076,1909f56bfc062723c751e8b465ee728b)  -> (artifact id: 'baa2d300bdd89e5ff3b5bbc49e7007d3') in 0.016764 seconds
  Import took 0.019754 seconds .

========================================================================
Received Prepare
Shader 'PointClouds/PointSplat': fallback shader 'PointClouds/PointSplatLegacy' not found
Refreshing native plugins compatible for Editor in 13.38 ms, found 2 plugins.
Preloading 1 native plugins for Editor in 0.06 ms.
Unloading 30 Unused Serialized files (Serialized files now loaded: 0)
System memory in use before: 38.9 MB.
System memory in use after: 39.0 MB.

Unloading 30 unused Assets to reduce memory usage. Loaded Objects now: 1881.
Total: 2.759700 ms (FindLiveObjects: 0.190700 ms CreateObjectMapping: 0.108800 ms MarkObjects: 2.440200 ms  DeleteObjects: 0.019400 ms)

========================================================================
Received Import Request.
  Time since last request: 139.390965 seconds.
  path: Assets/Prefabs/Gear 50mm 5 Teeth.prefab
  artifactKey: Guid(bc122b32a03b06d44a1af07dc8fc81d9) Importer(815301076,1909f56bfc062723c751e8b465ee728b)
Start importing Assets/Prefabs/Gear 50mm 5 Teeth.prefab using Guid(bc122b32a03b06d44a1af07dc8fc81d9) Importer(815301076,1909f56bfc062723c751e8b465ee728b)  -> (artifact id: 'e44a17693994751b5509edb8c559459d') in 0.191846 seconds
  Import took 0.196598 seconds .

========================================================================
Received Import Request.
  Time since last request: 0.000306 seconds.
  path: Assets/Prefabs/Gear 60mm 6 Teeth.prefab
  artifactKey: Guid(5bff35184877c994996a3633a7f9ef7b) Importer(815301076,1909f56bfc062723c751e8b465ee728b)
Start importing Assets/Prefabs/Gear 60mm 6 Teeth.prefab using Guid(5bff35184877c994996a3633a7f9ef7b) Importer(815301076,1909f56bfc062723c751e8b465ee728b)  -> (artifact id: 'a1480693858ee25ff4bbe8b14476afd4') in 0.051303 seconds
  Import took 0.054558 seconds .

========================================================================
Received Import Request.
  Time since last request: 0.000199 seconds.
  path: Assets/Prefabs/Gear 80mm 8 Teeth.prefab
  artifactKey: Guid(4d46be7d6bfe83e4fa39dd4878e61551) Importer(815301076,1909f56bfc062723c751e8b465ee728b)
Start importing Assets/Prefabs/Gear 80mm 8 Teeth.prefab using Guid(4d46be7d6bfe83e4fa39dd4878e61551) Importer(815301076,1909f56bfc062723c751e8b465ee728b)  -> (artifact id: '0d5fe267ba3926e8c4a04064f7c096eb') in 0.032120 seconds
  Import took 0.035239 seconds .

========================================================================
Received Import Request.
  Time since last request: 0.000306 seconds.
  path: Assets/Prefabs/Gear 100mm 10 Teeth.prefab
  artifactKey: Guid(dc4def196b9beb14499f8bc98b068897) Importer(815301076,1909f56bfc062723c751e8b465ee728b)
Start importing Assets/Prefabs/Gear 100mm 10 Teeth.prefab using Guid(dc4def196b9beb14499f8bc98b068897) Importer(815301076,1909f56bfc062723c751e8b465ee728b)  -> (artifact id: '717d16f4f39091e92d3cf1803208ca51') in 0.039398 seconds
  Import took 0.043760 seconds .

========================================================================
Received Import Request.
  Time since last request: 0.000197 seconds.
  path: Assets/Prefabs/GearOld.prefab
  artifactKey: Guid(eac723176829a3441b4168cc375120b7) Importer(815301076,1909f56bfc062723c751e8b465ee728b)
Start importing Assets/Prefabs/GearOld.prefab using Guid(eac723176829a3441b4168cc375120b7) Importer(815301076,1909f56bfc062723c751e8b465ee728b)  -> (artifact id: '15a5c091c7a0e358c9b91534cb01fc08') in 0.042283 seconds
  Import took 0.044407 seconds .

========================================================================
Received Import Request.
  Time since last request: 107.342378 seconds.
  path: Assets/Prefabs/Gear (80mm) Variant.prefab
  artifactKey: Guid(b4fbe044b4220664f8e079175231c93c) Importer(815301076,1909f56bfc062723c751e8b465ee728b)
Start importing Assets/Prefabs/Gear (80mm) Variant.prefab using Guid(b4fbe044b4220664f8e079175231c93c) Importer(815301076,1909f56bfc062723c751e8b465ee728b)  -> (artifact id: 'e6d92f243236a8ba201d15bfa390c934') in 0.051406 seconds
  Import took 0.054960 seconds .

========================================================================
Received Import Request.
  Time since last request: 18.268040 seconds.
  path: Assets/Prefabs/Gear (80mm).prefab
  artifactKey: Guid(b4fbe044b4220664f8e079175231c93c) Importer(815301076,1909f56bfc062723c751e8b465ee728b)
Start importing Assets/Prefabs/Gear (80mm).prefab using Guid(b4fbe044b4220664f8e079175231c93c) Importer(815301076,1909f56bfc062723c751e8b465ee728b)  -> (artifact id: '7cfb2966aaa5cce8b1468cc063f3ef25') in 0.043643 seconds
  Import took 0.047233 seconds .

========================================================================
Received Import Request.
  Time since last request: 74.930918 seconds.
  path: Assets/Prefabs/Gear (80mm).prefab
  artifactKey: Guid(b4fbe044b4220664f8e079175231c93c) Importer(815301076,1909f56bfc062723c751e8b465ee728b)
Start importing Assets/Prefabs/Gear (80mm).prefab using Guid(b4fbe044b4220664f8e079175231c93c) Importer(815301076,1909f56bfc062723c751e8b465ee728b)  -> (artifact id: '5a54ec841bc6a45af16678e3f9cd5b07') in 0.035540 seconds
  Import took 0.038173 seconds .

========================================================================
Received Import Request.
  Time since last request: 109.631648 seconds.
  path: Assets/Prefabs/Gear (100mm) Variant.prefab
  artifactKey: Guid(aa73e2208147908418833df69203ee5c) Importer(815301076,1909f56bfc062723c751e8b465ee728b)
Start importing Assets/Prefabs/Gear (100mm) Variant.prefab using Guid(aa73e2208147908418833df69203ee5c) Importer(815301076,1909f56bfc062723c751e8b465ee728b)  -> (artifact id: '99c3fff65004fa15f07fcb18d9752b49') in 0.048978 seconds
  Import took 0.054138 seconds .

========================================================================
Received Import Request.
  Time since last request: 8.596053 seconds.
  path: Assets/Prefabs/Gear (100mm).prefab
  artifactKey: Guid(aa73e2208147908418833df69203ee5c) Importer(815301076,1909f56bfc062723c751e8b465ee728b)
Start importing Assets/Prefabs/Gear (100mm).prefab using Guid(aa73e2208147908418833df69203ee5c) Importer(815301076,1909f56bfc062723c751e8b465ee728b)  -> (artifact id: '99df6e2c9565f1e500b41343639797ba') in 0.047231 seconds
  Import took 0.050563 seconds .

========================================================================
Received Import Request.
  Time since last request: 13.468186 seconds.
  path: Assets/Scenes/PhysicsTesting.unity
  artifactKey: Guid(e03ed3e5cf7d7384eb63dffa49965ac2) Importer(815301076,1909f56bfc062723c751e8b465ee728b)
Start importing Assets/Scenes/PhysicsTesting.unity using Guid(e03ed3e5cf7d7384eb63dffa49965ac2) Importer(815301076,1909f56bfc062723c751e8b465ee728b)  -> (artifact id: 'b71dd950d2d1272ace44e4f01308d889') in 0.002962 seconds
  Import took 0.008628 seconds .

========================================================================
Received Prepare
Registering precompiled user dll's ...
Registered in 0.006260 seconds.
Begin MonoManager ReloadAssembly
Native extension for WindowsStandalone target not found
Refreshing native plugins compatible for Editor in 0.42 ms, found 2 plugins.
Preloading 1 native plugins for Editor in 0.07 ms.
System.NullReferenceException: Object reference not set to an instance of an object
  at Vuforia.EditorClasses.ExtensionTypeProvider.GetVuforiaPackageAbsPath () [0x0004a] in <f93bc12ce1034617aac9a18135b94276>:0 
  at Vuforia.EditorClasses.ExtensionTypeProvider.IsPackageManager () [0x00000] in <f93bc12ce1034617aac9a18135b94276>:0 
  at Vuforia.EditorClasses.ExtensionTypeProvider.ResolvePluginType () [0x00009] in <f93bc12ce1034617aac9a18135b94276>:0 
  at Vuforia.EditorClasses.ExtensionTypeProvider.GetPluginType () [0x0000c] in <f93bc12ce1034617aac9a18135b94276>:0 
  at Vuforia.EditorClasses.VuforiaUtilities.IsVuforiaEnabledInPlayerSettings () [0x00000] in <f93bc12ce1034617aac9a18135b94276>:0 
  at VuforiaEnabledObserver..cctor () [0x00000] in <f93bc12ce1034617aac9a18135b94276>:0 
UnityEngine.StackTraceUtility:ExtractStackTrace ()
UnityEngine.DebugLogHandler:LogFormat (UnityEngine.LogType,UnityEngine.Object,string,object[])
UnityEngine.Logger:Log (UnityEngine.LogType,object)
UnityEngine.Debug:LogError (object)
UnityEditor.EditorAssemblies:ProcessInitializeOnLoadAttributes (System.Type[])

System.NullReferenceException: Object reference not set to an instance of an object
  at Vuforia.EditorClasses.ExtensionTypeProvider.GetVuforiaPackageAbsPath () [0x0004a] in <f93bc12ce1034617aac9a18135b94276>:0 
  at Vuforia.EditorClasses.ExtensionTypeProvider.IsPackageManager () [0x00000] in <f93bc12ce1034617aac9a18135b94276>:0 
  at Vuforia.EditorClasses.ExtensionTypeProvider.ResolvePluginType () [0x00009] in <f93bc12ce1034617aac9a18135b94276>:0 
  at Vuforia.EditorClasses.ExtensionTypeProvider.GetPluginType () [0x0000c] in <f93bc12ce1034617aac9a18135b94276>:0 
  at Vuforia.EditorClasses.VuforiaUtilities.IsVuforiaEnabledInPlayerSettings () [0x00000] in <f93bc12ce1034617aac9a18135b94276>:0 
  at Vuforia.EditorClasses.InitializeOnLoadVuforiaTaskRunner..cctor () [0x00015] in <f93bc12ce1034617aac9a18135b94276>:0 
UnityEngine.StackTraceUtility:ExtractStackTrace ()
UnityEngine.DebugLogHandler:LogFormat (UnityEngine.LogType,UnityEngine.Object,string,object[])
UnityEngine.Logger:Log (UnityEngine.LogType,object)
UnityEngine.Debug:LogError (object)
UnityEditor.EditorAssemblies:ProcessInitializeOnLoadAttributes (System.Type[])

Mono: successfully reloaded assembly
- Completed reload, in  1.054 seconds
Platform modules already initialized, skipping
Switching build target platform(19) subTarget(0) extendedPlatform(0) -> platform(13) subTarget(537395200) extendedPlatform(0)
Shader 'PointClouds/PointSplat': fallback shader 'PointClouds/PointSplatLegacy' not found
Refreshing native plugins compatible for Editor in 0.53 ms, found 2 plugins.
Preloading 1 native plugins for Editor in 0.10 ms.
Unloading 1154 Unused Serialized files (Serialized files now loaded: 0)
System memory in use before: 64.1 MB.
System memory in use after: 64.2 MB.

Unloading 33 unused Assets to reduce memory usage. Loaded Objects now: 1893.
Total: 2.348600 ms (FindLiveObjects: 0.150600 ms CreateObjectMapping: 0.042800 ms MarkObjects: 1.884900 ms  DeleteObjects: 0.268700 ms)

AssetImportParameters requested are different than current active one (requested -> active):
  custom:graphics/normal-map-encoding: 01000000000000000000000000000000 -> 02000000000000000000000000000000
========================================================================
Received Import Request.
  Time since last request: 127.536643 seconds.
  path: Assets/Scenes/MainScene.unity
  artifactKey: Guid(9fc0d4010bbf28b4594072e72b8655ab) Importer(815301076,1909f56bfc062723c751e8b465ee728b)
Start importing Assets/Scenes/MainScene.unity using Guid(9fc0d4010bbf28b4594072e72b8655ab) Importer(815301076,1909f56bfc062723c751e8b465ee728b)  -> (artifact id: '712560402c88ce243ad37f8930175e42') in 0.015963 seconds
  Import took 0.018612 seconds .

========================================================================
Received Prepare
Shader 'PointClouds/PointSplat': fallback shader 'PointClouds/PointSplatLegacy' not found
Refreshing native plugins compatible for Editor in 18.46 ms, found 2 plugins.
Preloading 1 native plugins for Editor in 0.09 ms.
Unloading 30 Unused Serialized files (Serialized files now loaded: 0)
System memory in use before: 42.2 MB.
System memory in use after: 42.3 MB.

Unloading 30 unused Assets to reduce memory usage. Loaded Objects now: 1893.
Total: 3.554700 ms (FindLiveObjects: 0.219600 ms CreateObjectMapping: 0.065000 ms MarkObjects: 3.239400 ms  DeleteObjects: 0.029400 ms)

========================================================================
Received Import Request.
  Time since last request: 356.225583 seconds.
  path: Assets/Scripts/LookAtCamera.cs
  artifactKey: Guid(53a0c51b6894b5043b9802f89a7347ed) Importer(815301076,1909f56bfc062723c751e8b465ee728b)
Start importing Assets/Scripts/LookAtCamera.cs using Guid(53a0c51b6894b5043b9802f89a7347ed) Importer(815301076,1909f56bfc062723c751e8b465ee728b)  -> (artifact id: '5e1318a50fb0553b9992661568aa04f6') in 0.016317 seconds
  Import took 0.018977 seconds .

========================================================================
Received Prepare
Registering precompiled user dll's ...
Registered in 0.004765 seconds.
Begin MonoManager ReloadAssembly
Native extension for WindowsStandalone target not found
Refreshing native plugins compatible for Editor in 2.90 ms, found 2 plugins.
Preloading 1 native plugins for Editor in 0.14 ms.
System.NullReferenceException: Object reference not set to an instance of an object
  at Vuforia.EditorClasses.ExtensionTypeProvider.GetVuforiaPackageAbsPath () [0x0004a] in <f93bc12ce1034617aac9a18135b94276>:0 
  at Vuforia.EditorClasses.ExtensionTypeProvider.IsPackageManager () [0x00000] in <f93bc12ce1034617aac9a18135b94276>:0 
  at Vuforia.EditorClasses.ExtensionTypeProvider.ResolvePluginType () [0x00009] in <f93bc12ce1034617aac9a18135b94276>:0 
  at Vuforia.EditorClasses.ExtensionTypeProvider.GetPluginType () [0x0000c] in <f93bc12ce1034617aac9a18135b94276>:0 
  at Vuforia.EditorClasses.VuforiaUtilities.IsVuforiaEnabledInPlayerSettings () [0x00000] in <f93bc12ce1034617aac9a18135b94276>:0 
  at VuforiaEnabledObserver..cctor () [0x00000] in <f93bc12ce1034617aac9a18135b94276>:0 
UnityEngine.StackTraceUtility:ExtractStackTrace ()
UnityEngine.DebugLogHandler:LogFormat (UnityEngine.LogType,UnityEngine.Object,string,object[])
UnityEngine.Logger:Log (UnityEngine.LogType,object)
UnityEngine.Debug:LogError (object)
UnityEditor.EditorAssemblies:ProcessInitializeOnLoadAttributes (System.Type[])

System.NullReferenceException: Object reference not set to an instance of an object
  at Vuforia.EditorClasses.ExtensionTypeProvider.GetVuforiaPackageAbsPath () [0x0004a] in <f93bc12ce1034617aac9a18135b94276>:0 
  at Vuforia.EditorClasses.ExtensionTypeProvider.IsPackageManager () [0x00000] in <f93bc12ce1034617aac9a18135b94276>:0 
  at Vuforia.EditorClasses.ExtensionTypeProvider.ResolvePluginType () [0x00009] in <f93bc12ce1034617aac9a18135b94276>:0 
  at Vuforia.EditorClasses.ExtensionTypeProvider.GetPluginType () [0x0000c] in <f93bc12ce1034617aac9a18135b94276>:0 
  at Vuforia.EditorClasses.VuforiaUtilities.IsVuforiaEnabledInPlayerSettings () [0x00000] in <f93bc12ce1034617aac9a18135b94276>:0 
  at Vuforia.EditorClasses.InitializeOnLoadVuforiaTaskRunner..cctor () [0x00015] in <f93bc12ce1034617aac9a18135b94276>:0 
UnityEngine.StackTraceUtility:ExtractStackTrace ()
UnityEngine.DebugLogHandler:LogFormat (UnityEngine.LogType,UnityEngine.Object,string,object[])
UnityEngine.Logger:Log (UnityEngine.LogType,object)
UnityEngine.Debug:LogError (object)
UnityEditor.EditorAssemblies:ProcessInitializeOnLoadAttributes (System.Type[])

Mono: successfully reloaded assembly
- Completed reload, in  1.167 seconds
Platform modules already initialized, skipping
Switching build target platform(19) subTarget(0) extendedPlatform(0) -> platform(13) subTarget(537395200) extendedPlatform(0)
Shader 'PointClouds/PointSplat': fallback shader 'PointClouds/PointSplatLegacy' not found
Refreshing native plugins compatible for Editor in 0.47 ms, found 2 plugins.
Preloading 1 native plugins for Editor in 0.08 ms.
Unloading 1154 Unused Serialized files (Serialized files now loaded: 0)
System memory in use before: 64.2 MB.
System memory in use after: 64.3 MB.

Unloading 32 unused Assets to reduce memory usage. Loaded Objects now: 1896.
Total: 2.135300 ms (FindLiveObjects: 0.153800 ms CreateObjectMapping: 0.042100 ms MarkObjects: 1.901500 ms  DeleteObjects: 0.036200 ms)

AssetImportParameters requested are different than current active one (requested -> active):
  custom:graphics/normal-map-encoding: 01000000000000000000000000000000 -> 02000000000000000000000000000000
========================================================================
Received Import Request.
  Time since last request: 40.541484 seconds.
  path: Assets/Scripts/LookAtCamera.cs
  artifactKey: Guid(53a0c51b6894b5043b9802f89a7347ed) Importer(815301076,1909f56bfc062723c751e8b465ee728b)
Start importing Assets/Scripts/LookAtCamera.cs using Guid(53a0c51b6894b5043b9802f89a7347ed) Importer(815301076,1909f56bfc062723c751e8b465ee728b)  -> (artifact id: '4bce097d67138521ab9572d5f536c316') in 0.005168 seconds
  Import took 0.007516 seconds .

========================================================================
Received Import Request.
  Time since last request: 32.490651 seconds.
  path: Assets/Scenes/PhysicsTesting.unity
  artifactKey: Guid(e03ed3e5cf7d7384eb63dffa49965ac2) Importer(815301076,1909f56bfc062723c751e8b465ee728b)
Start importing Assets/Scenes/PhysicsTesting.unity using Guid(e03ed3e5cf7d7384eb63dffa49965ac2) Importer(815301076,1909f56bfc062723c751e8b465ee728b)  -> (artifact id: 'd7e519451ff338a4e615c7829fc5e498') in 0.015272 seconds
  Import took 0.019546 seconds .

========================================================================
Received Import Request.
  Time since last request: 33.306108 seconds.
  path: Assets/Prefabs/Gear (60mm).prefab
  artifactKey: Guid(7be087d1bf10fde4e84d1c94578f3f11) Importer(815301076,1909f56bfc062723c751e8b465ee728b)
Start importing Assets/Prefabs/Gear (60mm).prefab using Guid(7be087d1bf10fde4e84d1c94578f3f11) Importer(815301076,1909f56bfc062723c751e8b465ee728b)  -> (artifact id: '0a0b212d4544c0b0fb007fbd4febe089') in 0.135116 seconds
  Import took 0.138215 seconds .

========================================================================
Received Import Request.
  Time since last request: 0.000230 seconds.
  path: Assets/Prefabs/Gear (80mm).prefab
  artifactKey: Guid(b4fbe044b4220664f8e079175231c93c) Importer(815301076,1909f56bfc062723c751e8b465ee728b)
Start importing Assets/Prefabs/Gear (80mm).prefab using Guid(b4fbe044b4220664f8e079175231c93c) Importer(815301076,1909f56bfc062723c751e8b465ee728b)  -> (artifact id: '3413ed63e859944514d2242cd79c06a0') in 0.035177 seconds
  Import took 0.038346 seconds .

========================================================================
Received Import Request.
  Time since last request: 0.000230 seconds.
  path: Assets/Prefabs/Gear.prefab
  artifactKey: Guid(2ef1191be0ba2784c95816d705bd1c66) Importer(815301076,1909f56bfc062723c751e8b465ee728b)
Start importing Assets/Prefabs/Gear.prefab using Guid(2ef1191be0ba2784c95816d705bd1c66) Importer(815301076,1909f56bfc062723c751e8b465ee728b)  -> (artifact id: '1510d2a05b9d5b8ff1a39fb4a67165d3') in 0.037433 seconds
  Import took 0.042674 seconds .

========================================================================
Received Import Request.
  Time since last request: 0.000236 seconds.
  path: Assets/Prefabs/Gear (100mm).prefab
  artifactKey: Guid(aa73e2208147908418833df69203ee5c) Importer(815301076,1909f56bfc062723c751e8b465ee728b)
Start importing Assets/Prefabs/Gear (100mm).prefab using Guid(aa73e2208147908418833df69203ee5c) Importer(815301076,1909f56bfc062723c751e8b465ee728b)  -> (artifact id: '0f48a4c9bdc1344058df7caf6ab4939e') in 0.039665 seconds
  Import took 0.042766 seconds .

========================================================================
Received Prepare
Registering precompiled user dll's ...
Registered in 0.004176 seconds.
Begin MonoManager ReloadAssembly
Native extension for WindowsStandalone target not found
Refreshing native plugins compatible for Editor in 0.48 ms, found 2 plugins.
Preloading 1 native plugins for Editor in 0.07 ms.
System.NullReferenceException: Object reference not set to an instance of an object
  at Vuforia.EditorClasses.ExtensionTypeProvider.GetVuforiaPackageAbsPath () [0x0004a] in <f93bc12ce1034617aac9a18135b94276>:0 
  at Vuforia.EditorClasses.ExtensionTypeProvider.IsPackageManager () [0x00000] in <f93bc12ce1034617aac9a18135b94276>:0 
  at Vuforia.EditorClasses.ExtensionTypeProvider.ResolvePluginType () [0x00009] in <f93bc12ce1034617aac9a18135b94276>:0 
  at Vuforia.EditorClasses.ExtensionTypeProvider.GetPluginType () [0x0000c] in <f93bc12ce1034617aac9a18135b94276>:0 
  at Vuforia.EditorClasses.VuforiaUtilities.IsVuforiaEnabledInPlayerSettings () [0x00000] in <f93bc12ce1034617aac9a18135b94276>:0 
  at VuforiaEnabledObserver..cctor () [0x00000] in <f93bc12ce1034617aac9a18135b94276>:0 
UnityEngine.StackTraceUtility:ExtractStackTrace ()
UnityEngine.DebugLogHandler:LogFormat (UnityEngine.LogType,UnityEngine.Object,string,object[])
UnityEngine.Logger:Log (UnityEngine.LogType,object)
UnityEngine.Debug:LogError (object)
UnityEditor.EditorAssemblies:ProcessInitializeOnLoadAttributes (System.Type[])

System.NullReferenceException: Object reference not set to an instance of an object
  at Vuforia.EditorClasses.ExtensionTypeProvider.GetVuforiaPackageAbsPath () [0x0004a] in <f93bc12ce1034617aac9a18135b94276>:0 
  at Vuforia.EditorClasses.ExtensionTypeProvider.IsPackageManager () [0x00000] in <f93bc12ce1034617aac9a18135b94276>:0 
  at Vuforia.EditorClasses.ExtensionTypeProvider.ResolvePluginType () [0x00009] in <f93bc12ce1034617aac9a18135b94276>:0 
  at Vuforia.EditorClasses.ExtensionTypeProvider.GetPluginType () [0x0000c] in <f93bc12ce1034617aac9a18135b94276>:0 
  at Vuforia.EditorClasses.VuforiaUtilities.IsVuforiaEnabledInPlayerSettings () [0x00000] in <f93bc12ce1034617aac9a18135b94276>:0 
  at Vuforia.EditorClasses.InitializeOnLoadVuforiaTaskRunner..cctor () [0x00015] in <f93bc12ce1034617aac9a18135b94276>:0 
UnityEngine.StackTraceUtility:ExtractStackTrace ()
UnityEngine.DebugLogHandler:LogFormat (UnityEngine.LogType,UnityEngine.Object,string,object[])
UnityEngine.Logger:Log (UnityEngine.LogType,object)
UnityEngine.Debug:LogError (object)
UnityEditor.EditorAssemblies:ProcessInitializeOnLoadAttributes (System.Type[])

Mono: successfully reloaded assembly
- Completed reload, in  1.037 seconds
Platform modules already initialized, skipping
Switching build target platform(19) subTarget(0) extendedPlatform(0) -> platform(13) subTarget(537395200) extendedPlatform(0)
Shader 'PointClouds/PointSplat': fallback shader 'PointClouds/PointSplatLegacy' not found
Refreshing native plugins compatible for Editor in 0.43 ms, found 2 plugins.
Preloading 1 native plugins for Editor in 0.07 ms.
Unloading 1154 Unused Serialized files (Serialized files now loaded: 0)
System memory in use before: 64.2 MB.
System memory in use after: 64.3 MB.

Unloading 33 unused Assets to reduce memory usage. Loaded Objects now: 1900.
Total: 2.149700 ms (FindLiveObjects: 0.249800 ms CreateObjectMapping: 0.057500 ms MarkObjects: 1.809400 ms  DeleteObjects: 0.031100 ms)

AssetImportParameters requested are different than current active one (requested -> active):
  custom:graphics/normal-map-encoding: 01000000000000000000000000000000 -> 02000000000000000000000000000000
========================================================================
Received Import Request.
  Time since last request: 68.302150 seconds.
  path: Assets/Prefabs/Gear 60mm 6 Teeth.prefab
  artifactKey: Guid(5bff35184877c994996a3633a7f9ef7b) Importer(815301076,1909f56bfc062723c751e8b465ee728b)
Start importing Assets/Prefabs/Gear 60mm 6 Teeth.prefab using Guid(5bff35184877c994996a3633a7f9ef7b) Importer(815301076,1909f56bfc062723c751e8b465ee728b)  -> (artifact id: '3c33ee76a449bba27000534057b497c3') in 0.127731 seconds
  Import took 0.130470 seconds .

========================================================================
Received Import Request.
  Time since last request: 0.000624 seconds.
  path: Assets/Prefabs/Gear 50mm 5 Teeth.prefab
  artifactKey: Guid(bc122b32a03b06d44a1af07dc8fc81d9) Importer(815301076,1909f56bfc062723c751e8b465ee728b)
Start importing Assets/Prefabs/Gear 50mm 5 Teeth.prefab using Guid(bc122b32a03b06d44a1af07dc8fc81d9) Importer(815301076,1909f56bfc062723c751e8b465ee728b)  -> (artifact id: 'debb6a022afd774a84780cd7a07be0b2') in 0.035512 seconds
  Import took 0.039275 seconds .

========================================================================
Received Import Request.
  Time since last request: 0.000163 seconds.
  path: Assets/Prefabs/Gear 80mm 8 Teeth.prefab
  artifactKey: Guid(4d46be7d6bfe83e4fa39dd4878e61551) Importer(815301076,1909f56bfc062723c751e8b465ee728b)
Start importing Assets/Prefabs/Gear 80mm 8 Teeth.prefab using Guid(4d46be7d6bfe83e4fa39dd4878e61551) Importer(815301076,1909f56bfc062723c751e8b465ee728b)  -> (artifact id: '1b36bd8a16017c6a98d8912455317734') in 0.032624 seconds
  Import took 0.035008 seconds .

========================================================================
Received Import Request.
  Time since last request: 0.000278 seconds.
  path: Assets/Prefabs/Gear 100mm 10 Teeth.prefab
  artifactKey: Guid(dc4def196b9beb14499f8bc98b068897) Importer(815301076,1909f56bfc062723c751e8b465ee728b)
Start importing Assets/Prefabs/Gear 100mm 10 Teeth.prefab using Guid(dc4def196b9beb14499f8bc98b068897) Importer(815301076,1909f56bfc062723c751e8b465ee728b)  -> (artifact id: 'aabc1f019c7553ac7e5bc5472fbfdc04') in 0.036727 seconds
  Import took 0.038941 seconds .

========================================================================
Received Import Request.
  Time since last request: 0.000213 seconds.
  path: Assets/Prefabs/GearOld.prefab
  artifactKey: Guid(eac723176829a3441b4168cc375120b7) Importer(815301076,1909f56bfc062723c751e8b465ee728b)
Start importing Assets/Prefabs/GearOld.prefab using Guid(eac723176829a3441b4168cc375120b7) Importer(815301076,1909f56bfc062723c751e8b465ee728b)  -> (artifact id: 'd23682bb93859da1c1c4fc7bd6d41869') in 0.033287 seconds
  Import took 0.035997 seconds .

========================================================================
Received Import Request.
  Time since last request: 5.271204 seconds.
  path: Assets/Prefabs/Gear 50mm 5 Teeth.prefab
  artifactKey: Guid(bc122b32a03b06d44a1af07dc8fc81d9) Importer(815301076,1909f56bfc062723c751e8b465ee728b)
Start importing Assets/Prefabs/Gear 50mm 5 Teeth.prefab using Guid(bc122b32a03b06d44a1af07dc8fc81d9) Importer(815301076,1909f56bfc062723c751e8b465ee728b)  -> (artifact id: '37c48af7dec6e661c5cdfb086d4af253') in 0.035276 seconds
  Import took 0.037930 seconds .

========================================================================
Received Import Request.
  Time since last request: 0.000220 seconds.
  path: Assets/Prefabs/Gear 60mm 6 Teeth.prefab
  artifactKey: Guid(5bff35184877c994996a3633a7f9ef7b) Importer(815301076,1909f56bfc062723c751e8b465ee728b)
Start importing Assets/Prefabs/Gear 60mm 6 Teeth.prefab using Guid(5bff35184877c994996a3633a7f9ef7b) Importer(815301076,1909f56bfc062723c751e8b465ee728b)  -> (artifact id: '6409a97562af9e907fa477505297a5b4') in 0.038206 seconds
  Import took 0.040292 seconds .

========================================================================
Received Import Request.
  Time since last request: 0.000181 seconds.
  path: Assets/Prefabs/Gear 80mm 8 Teeth.prefab
  artifactKey: Guid(4d46be7d6bfe83e4fa39dd4878e61551) Importer(815301076,1909f56bfc062723c751e8b465ee728b)
Start importing Assets/Prefabs/Gear 80mm 8 Teeth.prefab using Guid(4d46be7d6bfe83e4fa39dd4878e61551) Importer(815301076,1909f56bfc062723c751e8b465ee728b)  -> (artifact id: '2c852dde5e0b4b14d8eb4aa734bf1432') in 0.034301 seconds
  Import took 0.037920 seconds .

========================================================================
Received Import Request.
  Time since last request: 0.000284 seconds.
  path: Assets/Prefabs/Gear 100mm 10 Teeth.prefab
  artifactKey: Guid(dc4def196b9beb14499f8bc98b068897) Importer(815301076,1909f56bfc062723c751e8b465ee728b)
Start importing Assets/Prefabs/Gear 100mm 10 Teeth.prefab using Guid(dc4def196b9beb14499f8bc98b068897) Importer(815301076,1909f56bfc062723c751e8b465ee728b)  -> (artifact id: '79fd3b52fc8f67dcd925aa6a175f0b33') in 0.031677 seconds
  Import took 0.034586 seconds .

========================================================================
Received Import Request.
  Time since last request: 0.000222 seconds.
  path: Assets/Prefabs/GearOld.prefab
  artifactKey: Guid(eac723176829a3441b4168cc375120b7) Importer(815301076,1909f56bfc062723c751e8b465ee728b)
Start importing Assets/Prefabs/GearOld.prefab using Guid(eac723176829a3441b4168cc375120b7) Importer(815301076,1909f56bfc062723c751e8b465ee728b)  -> (artifact id: '05efbd9bab96ef4de0dee208238b7b92') in 0.032627 seconds
  Import took 0.034779 seconds .

========================================================================
Received Import Request.
  Time since last request: 46.225409 seconds.
  path: Assets/Prefabs/Gear 50mm 5 Teeth.prefab
  artifactKey: Guid(bc122b32a03b06d44a1af07dc8fc81d9) Importer(815301076,1909f56bfc062723c751e8b465ee728b)
Start importing Assets/Prefabs/Gear 50mm 5 Teeth.prefab using Guid(bc122b32a03b06d44a1af07dc8fc81d9) Importer(815301076,1909f56bfc062723c751e8b465ee728b)  -> (artifact id: 'c5667b1c52f5ced1479597773b9056a5') in 0.035605 seconds
  Import took 0.040130 seconds .

========================================================================
Received Import Request.
  Time since last request: 0.002306 seconds.
  path: Assets/Prefabs/Gear 60mm 6 Teeth.prefab
  artifactKey: Guid(5bff35184877c994996a3633a7f9ef7b) Importer(815301076,1909f56bfc062723c751e8b465ee728b)
Start importing Assets/Prefabs/Gear 60mm 6 Teeth.prefab using Guid(5bff35184877c994996a3633a7f9ef7b) Importer(815301076,1909f56bfc062723c751e8b465ee728b)  -> (artifact id: 'd28e207ea392965528b148abe2f7522e') in 0.034109 seconds
  Import took 0.036970 seconds .

========================================================================
Received Import Request.
  Time since last request: 7.366766 seconds.
  path: Assets/Prefabs/Gear 50mm 5 Teeth.prefab
  artifactKey: Guid(bc122b32a03b06d44a1af07dc8fc81d9) Importer(815301076,1909f56bfc062723c751e8b465ee728b)
Start importing Assets/Prefabs/Gear 50mm 5 Teeth.prefab using Guid(bc122b32a03b06d44a1af07dc8fc81d9) Importer(815301076,1909f56bfc062723c751e8b465ee728b)  -> (artifact id: '09f3c12e1e40589ad2f69834dfcfbdb1') in 0.033814 seconds
  Import took 0.040054 seconds .

========================================================================
Received Import Request.
  Time since last request: 0.000230 seconds.
  path: Assets/Prefabs/Gear 60mm 6 Teeth.prefab
  artifactKey: Guid(5bff35184877c994996a3633a7f9ef7b) Importer(815301076,1909f56bfc062723c751e8b465ee728b)
Start importing Assets/Prefabs/Gear 60mm 6 Teeth.prefab using Guid(5bff35184877c994996a3633a7f9ef7b) Importer(815301076,1909f56bfc062723c751e8b465ee728b)  -> (artifact id: '79e4e4bcf0f855536c5d91af4377182b') in 0.035823 seconds
  Import took 0.038644 seconds .

========================================================================
Received Import Request.
  Time since last request: 0.000166 seconds.
  path: Assets/Prefabs/Gear 80mm 8 Teeth.prefab
  artifactKey: Guid(4d46be7d6bfe83e4fa39dd4878e61551) Importer(815301076,1909f56bfc062723c751e8b465ee728b)
Start importing Assets/Prefabs/Gear 80mm 8 Teeth.prefab using Guid(4d46be7d6bfe83e4fa39dd4878e61551) Importer(815301076,1909f56bfc062723c751e8b465ee728b)  -> (artifact id: '5eddc9dc7c541fa1b0ca87c6f7e1d782') in 0.031155 seconds
  Import took 0.033307 seconds .

========================================================================
Received Import Request.
  Time since last request: 0.000171 seconds.
  path: Assets/Prefabs/Gear 100mm 10 Teeth.prefab
  artifactKey: Guid(dc4def196b9beb14499f8bc98b068897) Importer(815301076,1909f56bfc062723c751e8b465ee728b)
Start importing Assets/Prefabs/Gear 100mm 10 Teeth.prefab using Guid(dc4def196b9beb14499f8bc98b068897) Importer(815301076,1909f56bfc062723c751e8b465ee728b)  -> (artifact id: 'c586b12bffdc6ca653d2fc79102c846e') in 0.034193 seconds
  Import took 0.039139 seconds .

========================================================================
Received Import Request.
  Time since last request: 0.000161 seconds.
  path: Assets/Prefabs/GearOld.prefab
  artifactKey: Guid(eac723176829a3441b4168cc375120b7) Importer(815301076,1909f56bfc062723c751e8b465ee728b)
Start importing Assets/Prefabs/GearOld.prefab using Guid(eac723176829a3441b4168cc375120b7) Importer(815301076,1909f56bfc062723c751e8b465ee728b)  -> (artifact id: '0328110e13c8474b31301bcd4e5f47ac') in 0.031355 seconds
  Import took 0.033700 seconds .

========================================================================
Received Import Request.
  Time since last request: 2.859230 seconds.
  path: Assets/Prefabs/Gear 50mm 5 Teeth.prefab
  artifactKey: Guid(bc122b32a03b06d44a1af07dc8fc81d9) Importer(815301076,1909f56bfc062723c751e8b465ee728b)
Start importing Assets/Prefabs/Gear 50mm 5 Teeth.prefab using Guid(bc122b32a03b06d44a1af07dc8fc81d9) Importer(815301076,1909f56bfc062723c751e8b465ee728b)  -> (artifact id: '201facbe3d83e1dd221f73365f840ad3') in 0.039045 seconds
  Import took 0.041517 seconds .

========================================================================
Received Import Request.
  Time since last request: 0.000181 seconds.
  path: Assets/Prefabs/Gear 60mm 6 Teeth.prefab
  artifactKey: Guid(5bff35184877c994996a3633a7f9ef7b) Importer(815301076,1909f56bfc062723c751e8b465ee728b)
Start importing Assets/Prefabs/Gear 60mm 6 Teeth.prefab using Guid(5bff35184877c994996a3633a7f9ef7b) Importer(815301076,1909f56bfc062723c751e8b465ee728b)  -> (artifact id: 'e2bbd3071705f4142012d82f70cdb6a9') in 0.032377 seconds
  Import took 0.034760 seconds .

========================================================================
Received Import Request.
  Time since last request: 0.000247 seconds.
  path: Assets/Prefabs/Gear 80mm 8 Teeth.prefab
  artifactKey: Guid(4d46be7d6bfe83e4fa39dd4878e61551) Importer(815301076,1909f56bfc062723c751e8b465ee728b)
Start importing Assets/Prefabs/Gear 80mm 8 Teeth.prefab using Guid(4d46be7d6bfe83e4fa39dd4878e61551) Importer(815301076,1909f56bfc062723c751e8b465ee728b)  -> (artifact id: 'aa753a8266734fc66e45f418bd2ecbef') in 0.038347 seconds
  Import took 0.040698 seconds .

========================================================================
Received Import Request.
  Time since last request: 0.000182 seconds.
  path: Assets/Prefabs/Gear 100mm 10 Teeth.prefab
  artifactKey: Guid(dc4def196b9beb14499f8bc98b068897) Importer(815301076,1909f56bfc062723c751e8b465ee728b)
Start importing Assets/Prefabs/Gear 100mm 10 Teeth.prefab using Guid(dc4def196b9beb14499f8bc98b068897) Importer(815301076,1909f56bfc062723c751e8b465ee728b)  -> (artifact id: '5ce608ae60517165240730ef58eb379f') in 0.036703 seconds
  Import took 0.038768 seconds .

========================================================================
Received Import Request.
  Time since last request: 0.000243 seconds.
  path: Assets/Prefabs/GearOld.prefab
  artifactKey: Guid(eac723176829a3441b4168cc375120b7) Importer(815301076,1909f56bfc062723c751e8b465ee728b)
Start importing Assets/Prefabs/GearOld.prefab using Guid(eac723176829a3441b4168cc375120b7) Importer(815301076,1909f56bfc062723c751e8b465ee728b)  -> (artifact id: 'bc8dccde188e7e05cc1570eb1cd5994b') in 0.038882 seconds
  Import took 0.041163 seconds .

========================================================================
Received Import Request.
  Time since last request: 0.000192 seconds.
  path: Assets/Prefabs/Gear 100mm 10 Teeth.prefab
  artifactKey: Guid(dc4def196b9beb14499f8bc98b068897) Importer(815301076,1909f56bfc062723c751e8b465ee728b)
Start importing Assets/Prefabs/Gear 100mm 10 Teeth.prefab using Guid(dc4def196b9beb14499f8bc98b068897) Importer(815301076,1909f56bfc062723c751e8b465ee728b)  -> (artifact id: '5ce608ae60517165240730ef58eb379f') in 0.031804 seconds
  Import took 0.034091 seconds .

========================================================================
Received Import Request.
  Time since last request: 13.093405 seconds.
  path: Assets/Prefabs/Gear 50mm 5 Teeth.prefab
  artifactKey: Guid(bc122b32a03b06d44a1af07dc8fc81d9) Importer(815301076,1909f56bfc062723c751e8b465ee728b)
Start importing Assets/Prefabs/Gear 50mm 5 Teeth.prefab using Guid(bc122b32a03b06d44a1af07dc8fc81d9) Importer(815301076,1909f56bfc062723c751e8b465ee728b)  -> (artifact id: '763988bc0924acfe50061cdb0519b8fe') in 0.035134 seconds
  Import took 0.038694 seconds .

========================================================================
Received Import Request.
  Time since last request: 0.000989 seconds.
  path: Assets/Prefabs/Gear 60mm 6 Teeth.prefab
  artifactKey: Guid(5bff35184877c994996a3633a7f9ef7b) Importer(815301076,1909f56bfc062723c751e8b465ee728b)
Start importing Assets/Prefabs/Gear 60mm 6 Teeth.prefab using Guid(5bff35184877c994996a3633a7f9ef7b) Importer(815301076,1909f56bfc062723c751e8b465ee728b)  -> (artifact id: '267696f640476b4439a4e969a3d75afe') in 0.033454 seconds
  Import took 0.036289 seconds .

========================================================================
Received Import Request.
  Time since last request: 0.000176 seconds.
  path: Assets/Prefabs/Gear 80mm 8 Teeth.prefab
  artifactKey: Guid(4d46be7d6bfe83e4fa39dd4878e61551) Importer(815301076,1909f56bfc062723c751e8b465ee728b)
Start importing Assets/Prefabs/Gear 80mm 8 Teeth.prefab using Guid(4d46be7d6bfe83e4fa39dd4878e61551) Importer(815301076,1909f56bfc062723c751e8b465ee728b)  -> (artifact id: '77cca53f7cfd495bc2a2acb975e06c90') in 0.033088 seconds
  Import took 0.035074 seconds .

========================================================================
Received Import Request.
  Time since last request: 0.000170 seconds.
  path: Assets/Prefabs/Gear 100mm 10 Teeth.prefab
  artifactKey: Guid(dc4def196b9beb14499f8bc98b068897) Importer(815301076,1909f56bfc062723c751e8b465ee728b)
Start importing Assets/Prefabs/Gear 100mm 10 Teeth.prefab using Guid(dc4def196b9beb14499f8bc98b068897) Importer(815301076,1909f56bfc062723c751e8b465ee728b)  -> (artifact id: 'dfd165e403b227c9a3697531a84fab20') in 0.043012 seconds
  Import took 0.045302 seconds .

========================================================================
Received Import Request.
  Time since last request: 0.000184 seconds.
  path: Assets/Prefabs/GearOld.prefab
  artifactKey: Guid(eac723176829a3441b4168cc375120b7) Importer(815301076,1909f56bfc062723c751e8b465ee728b)
Start importing Assets/Prefabs/GearOld.prefab using Guid(eac723176829a3441b4168cc375120b7) Importer(815301076,1909f56bfc062723c751e8b465ee728b)  -> (artifact id: '7298e7d10dbbf5306a4144c777b16e09') in 0.031773 seconds
  Import took 0.034371 seconds .

========================================================================
Received Prepare
Registering precompiled user dll's ...
Registered in 0.008193 seconds.
Begin MonoManager ReloadAssembly
Native extension for WindowsStandalone target not found
Refreshing native plugins compatible for Editor in 0.68 ms, found 2 plugins.
Preloading 1 native plugins for Editor in 0.14 ms.
System.NullReferenceException: Object reference not set to an instance of an object
  at Vuforia.EditorClasses.ExtensionTypeProvider.GetVuforiaPackageAbsPath () [0x0004a] in <f93bc12ce1034617aac9a18135b94276>:0 
  at Vuforia.EditorClasses.ExtensionTypeProvider.IsPackageManager () [0x00000] in <f93bc12ce1034617aac9a18135b94276>:0 
  at Vuforia.EditorClasses.ExtensionTypeProvider.ResolvePluginType () [0x00009] in <f93bc12ce1034617aac9a18135b94276>:0 
  at Vuforia.EditorClasses.ExtensionTypeProvider.GetPluginType () [0x0000c] in <f93bc12ce1034617aac9a18135b94276>:0 
  at Vuforia.EditorClasses.VuforiaUtilities.IsVuforiaEnabledInPlayerSettings () [0x00000] in <f93bc12ce1034617aac9a18135b94276>:0 
  at VuforiaEnabledObserver..cctor () [0x00000] in <f93bc12ce1034617aac9a18135b94276>:0 
UnityEngine.StackTraceUtility:ExtractStackTrace ()
UnityEngine.DebugLogHandler:LogFormat (UnityEngine.LogType,UnityEngine.Object,string,object[])
UnityEngine.Logger:Log (UnityEngine.LogType,object)
UnityEngine.Debug:LogError (object)
UnityEditor.EditorAssemblies:ProcessInitializeOnLoadAttributes (System.Type[])

System.NullReferenceException: Object reference not set to an instance of an object
  at Vuforia.EditorClasses.ExtensionTypeProvider.GetVuforiaPackageAbsPath () [0x0004a] in <f93bc12ce1034617aac9a18135b94276>:0 
  at Vuforia.EditorClasses.ExtensionTypeProvider.IsPackageManager () [0x00000] in <f93bc12ce1034617aac9a18135b94276>:0 
  at Vuforia.EditorClasses.ExtensionTypeProvider.ResolvePluginType () [0x00009] in <f93bc12ce1034617aac9a18135b94276>:0 
  at Vuforia.EditorClasses.ExtensionTypeProvider.GetPluginType () [0x0000c] in <f93bc12ce1034617aac9a18135b94276>:0 
  at Vuforia.EditorClasses.VuforiaUtilities.IsVuforiaEnabledInPlayerSettings () [0x00000] in <f93bc12ce1034617aac9a18135b94276>:0 
  at Vuforia.EditorClasses.InitializeOnLoadVuforiaTaskRunner..cctor () [0x00015] in <f93bc12ce1034617aac9a18135b94276>:0 
UnityEngine.StackTraceUtility:ExtractStackTrace ()
UnityEngine.DebugLogHandler:LogFormat (UnityEngine.LogType,UnityEngine.Object,string,object[])
UnityEngine.Logger:Log (UnityEngine.LogType,object)
UnityEngine.Debug:LogError (object)
UnityEditor.EditorAssemblies:ProcessInitializeOnLoadAttributes (System.Type[])

Mono: successfully reloaded assembly
- Completed reload, in  1.116 seconds
Platform modules already initialized, skipping
Switching build target platform(19) subTarget(0) extendedPlatform(0) -> platform(13) subTarget(537395200) extendedPlatform(0)
Shader 'PointClouds/PointSplat': fallback shader 'PointClouds/PointSplatLegacy' not found
Refreshing native plugins compatible for Editor in 0.42 ms, found 2 plugins.
Preloading 1 native plugins for Editor in 0.06 ms.
Unloading 1154 Unused Serialized files (Serialized files now loaded: 0)
System memory in use before: 64.3 MB.
System memory in use after: 64.4 MB.

Unloading 33 unused Assets to reduce memory usage. Loaded Objects now: 1904.
Total: 2.172800 ms (FindLiveObjects: 0.223400 ms CreateObjectMapping: 0.042100 ms MarkObjects: 1.872500 ms  DeleteObjects: 0.033900 ms)

AssetImportParameters requested are different than current active one (requested -> active):
  custom:graphics/normal-map-encoding: 01000000000000000000000000000000 -> 02000000000000000000000000000000
========================================================================
Received Prepare
Registering precompiled user dll's ...
Registered in 0.004135 seconds.
Begin MonoManager ReloadAssembly
Native extension for WindowsStandalone target not found
Refreshing native plugins compatible for Editor in 0.44 ms, found 2 plugins.
Preloading 1 native plugins for Editor in 0.08 ms.
System.NullReferenceException: Object reference not set to an instance of an object
  at Vuforia.EditorClasses.ExtensionTypeProvider.GetVuforiaPackageAbsPath () [0x0004a] in <f93bc12ce1034617aac9a18135b94276>:0 
  at Vuforia.EditorClasses.ExtensionTypeProvider.IsPackageManager () [0x00000] in <f93bc12ce1034617aac9a18135b94276>:0 
  at Vuforia.EditorClasses.ExtensionTypeProvider.ResolvePluginType () [0x00009] in <f93bc12ce1034617aac9a18135b94276>:0 
  at Vuforia.EditorClasses.ExtensionTypeProvider.GetPluginType () [0x0000c] in <f93bc12ce1034617aac9a18135b94276>:0 
  at Vuforia.EditorClasses.VuforiaUtilities.IsVuforiaEnabledInPlayerSettings () [0x00000] in <f93bc12ce1034617aac9a18135b94276>:0 
  at VuforiaEnabledObserver..cctor () [0x00000] in <f93bc12ce1034617aac9a18135b94276>:0 
UnityEngine.StackTraceUtility:ExtractStackTrace ()
UnityEngine.DebugLogHandler:LogFormat (UnityEngine.LogType,UnityEngine.Object,string,object[])
UnityEngine.Logger:Log (UnityEngine.LogType,object)
UnityEngine.Debug:LogError (object)
UnityEditor.EditorAssemblies:ProcessInitializeOnLoadAttributes (System.Type[])

System.NullReferenceException: Object reference not set to an instance of an object
  at Vuforia.EditorClasses.ExtensionTypeProvider.GetVuforiaPackageAbsPath () [0x0004a] in <f93bc12ce1034617aac9a18135b94276>:0 
  at Vuforia.EditorClasses.ExtensionTypeProvider.IsPackageManager () [0x00000] in <f93bc12ce1034617aac9a18135b94276>:0 
  at Vuforia.EditorClasses.ExtensionTypeProvider.ResolvePluginType () [0x00009] in <f93bc12ce1034617aac9a18135b94276>:0 
  at Vuforia.EditorClasses.ExtensionTypeProvider.GetPluginType () [0x0000c] in <f93bc12ce1034617aac9a18135b94276>:0 
  at Vuforia.EditorClasses.VuforiaUtilities.IsVuforiaEnabledInPlayerSettings () [0x00000] in <f93bc12ce1034617aac9a18135b94276>:0 
  at Vuforia.EditorClasses.InitializeOnLoadVuforiaTaskRunner..cctor () [0x00015] in <f93bc12ce1034617aac9a18135b94276>:0 
UnityEngine.StackTraceUtility:ExtractStackTrace ()
UnityEngine.DebugLogHandler:LogFormat (UnityEngine.LogType,UnityEngine.Object,string,object[])
UnityEngine.Logger:Log (UnityEngine.LogType,object)
UnityEngine.Debug:LogError (object)
UnityEditor.EditorAssemblies:ProcessInitializeOnLoadAttributes (System.Type[])

Mono: successfully reloaded assembly
- Completed reload, in  1.087 seconds
Platform modules already initialized, skipping
Switching build target platform(19) subTarget(0) extendedPlatform(0) -> platform(13) subTarget(537395200) extendedPlatform(0)
Shader 'PointClouds/PointSplat': fallback shader 'PointClouds/PointSplatLegacy' not found
Refreshing native plugins compatible for Editor in 0.43 ms, found 2 plugins.
Preloading 1 native plugins for Editor in 0.08 ms.
Unloading 1154 Unused Serialized files (Serialized files now loaded: 0)
System memory in use before: 64.3 MB.
System memory in use after: 64.4 MB.

Unloading 32 unused Assets to reduce memory usage. Loaded Objects now: 1907.
Total: 1.615300 ms (FindLiveObjects: 0.142500 ms CreateObjectMapping: 0.040400 ms MarkObjects: 1.412100 ms  DeleteObjects: 0.019300 ms)

AssetImportParameters requested are different than current active one (requested -> active):
  custom:graphics/normal-map-encoding: 01000000000000000000000000000000 -> 02000000000000000000000000000000
========================================================================
Received Import Request.
  Time since last request: 126.392925 seconds.
  path: Assets/Scenes/MainScene.unity
  artifactKey: Guid(9fc0d4010bbf28b4594072e72b8655ab) Importer(815301076,1909f56bfc062723c751e8b465ee728b)
Start importing Assets/Scenes/MainScene.unity using Guid(9fc0d4010bbf28b4594072e72b8655ab) Importer(815301076,1909f56bfc062723c751e8b465ee728b)  -> (artifact id: '38dab39797e72a8e25a6a7caf86df6ff') in 0.015684 seconds
  Import took 0.019920 seconds .

========================================================================
Received Import Request.
  Time since last request: 0.013491 seconds.
  path: Assets/Scenes/MainScene.unity
  artifactKey: Guid(9fc0d4010bbf28b4594072e72b8655ab) Importer(815301076,1909f56bfc062723c751e8b465ee728b)
Start importing Assets/Scenes/MainScene.unity using Guid(9fc0d4010bbf28b4594072e72b8655ab) Importer(815301076,1909f56bfc062723c751e8b465ee728b)  -> (artifact id: '38dab39797e72a8e25a6a7caf86df6ff') in 0.003568 seconds
  Import took 0.008875 seconds .

========================================================================
Received Prepare
Registering precompiled user dll's ...
Registered in 0.006557 seconds.
Begin MonoManager ReloadAssembly
Native extension for WindowsStandalone target not found
Refreshing native plugins compatible for Editor in 0.47 ms, found 2 plugins.
Preloading 1 native plugins for Editor in 0.07 ms.
System.NullReferenceException: Object reference not set to an instance of an object
  at Vuforia.EditorClasses.ExtensionTypeProvider.GetVuforiaPackageAbsPath () [0x0004a] in <f93bc12ce1034617aac9a18135b94276>:0 
  at Vuforia.EditorClasses.ExtensionTypeProvider.IsPackageManager () [0x00000] in <f93bc12ce1034617aac9a18135b94276>:0 
  at Vuforia.EditorClasses.ExtensionTypeProvider.ResolvePluginType () [0x00009] in <f93bc12ce1034617aac9a18135b94276>:0 
  at Vuforia.EditorClasses.ExtensionTypeProvider.GetPluginType () [0x0000c] in <f93bc12ce1034617aac9a18135b94276>:0 
  at Vuforia.EditorClasses.VuforiaUtilities.IsVuforiaEnabledInPlayerSettings () [0x00000] in <f93bc12ce1034617aac9a18135b94276>:0 
  at VuforiaEnabledObserver..cctor () [0x00000] in <f93bc12ce1034617aac9a18135b94276>:0 
UnityEngine.StackTraceUtility:ExtractStackTrace ()
UnityEngine.DebugLogHandler:LogFormat (UnityEngine.LogType,UnityEngine.Object,string,object[])
UnityEngine.Logger:Log (UnityEngine.LogType,object)
UnityEngine.Debug:LogError (object)
UnityEditor.EditorAssemblies:ProcessInitializeOnLoadAttributes (System.Type[])

System.NullReferenceException: Object reference not set to an instance of an object
  at Vuforia.EditorClasses.ExtensionTypeProvider.GetVuforiaPackageAbsPath () [0x0004a] in <f93bc12ce1034617aac9a18135b94276>:0 
  at Vuforia.EditorClasses.ExtensionTypeProvider.IsPackageManager () [0x00000] in <f93bc12ce1034617aac9a18135b94276>:0 
  at Vuforia.EditorClasses.ExtensionTypeProvider.ResolvePluginType () [0x00009] in <f93bc12ce1034617aac9a18135b94276>:0 
  at Vuforia.EditorClasses.ExtensionTypeProvider.GetPluginType () [0x0000c] in <f93bc12ce1034617aac9a18135b94276>:0 
  at Vuforia.EditorClasses.VuforiaUtilities.IsVuforiaEnabledInPlayerSettings () [0x00000] in <f93bc12ce1034617aac9a18135b94276>:0 
  at Vuforia.EditorClasses.InitializeOnLoadVuforiaTaskRunner..cctor () [0x00015] in <f93bc12ce1034617aac9a18135b94276>:0 
UnityEngine.StackTraceUtility:ExtractStackTrace ()
UnityEngine.DebugLogHandler:LogFormat (UnityEngine.LogType,UnityEngine.Object,string,object[])
UnityEngine.Logger:Log (UnityEngine.LogType,object)
UnityEngine.Debug:LogError (object)
UnityEditor.EditorAssemblies:ProcessInitializeOnLoadAttributes (System.Type[])

Mono: successfully reloaded assembly
- Completed reload, in  1.108 seconds
Platform modules already initialized, skipping
Switching build target platform(19) subTarget(0) extendedPlatform(0) -> platform(13) subTarget(537395200) extendedPlatform(0)
Shader 'PointClouds/PointSplat': fallback shader 'PointClouds/PointSplatLegacy' not found
Refreshing native plugins compatible for Editor in 0.55 ms, found 2 plugins.
Preloading 1 native plugins for Editor in 0.10 ms.
Unloading 1154 Unused Serialized files (Serialized files now loaded: 0)
System memory in use before: 64.3 MB.
System memory in use after: 64.4 MB.

Unloading 32 unused Assets to reduce memory usage. Loaded Objects now: 1910.
Total: 1.646900 ms (FindLiveObjects: 0.135400 ms CreateObjectMapping: 0.039500 ms MarkObjects: 1.348800 ms  DeleteObjects: 0.122200 ms)

AssetImportParameters requested are different than current active one (requested -> active):
  custom:graphics/normal-map-encoding: 01000000000000000000000000000000 -> 02000000000000000000000000000000
========================================================================
Received Prepare
Shader 'PointClouds/PointSplat': fallback shader 'PointClouds/PointSplatLegacy' not found
Refreshing native plugins compatible for Editor in 12.33 ms, found 2 plugins.
Preloading 1 native plugins for Editor in 0.09 ms.
Unloading 30 Unused Serialized files (Serialized files now loaded: 0)
System memory in use before: 42.4 MB.
System memory in use after: 42.5 MB.

Unloading 30 unused Assets to reduce memory usage. Loaded Objects now: 1910.
Total: 3.207800 ms (FindLiveObjects: 0.197200 ms CreateObjectMapping: 0.102900 ms MarkObjects: 2.857100 ms  DeleteObjects: 0.048700 ms)

========================================================================
Received Import Request.
  Time since last request: 440.238309 seconds.
  path: Assets/Prefabs/Gear (60mm).prefab
  artifactKey: Guid(7be087d1bf10fde4e84d1c94578f3f11) Importer(815301076,1909f56bfc062723c751e8b465ee728b)
Start importing Assets/Prefabs/Gear (60mm).prefab using Guid(7be087d1bf10fde4e84d1c94578f3f11) Importer(815301076,1909f56bfc062723c751e8b465ee728b)  -> (artifact id: '0cf9d935e755eb546a8fc6e404972ea4') in 0.228559 seconds
  Import took 0.232406 seconds .

========================================================================
Received Import Request.
  Time since last request: 0.000212 seconds.
  path: Assets/Prefabs/Gear (80mm).prefab
  artifactKey: Guid(b4fbe044b4220664f8e079175231c93c) Importer(815301076,1909f56bfc062723c751e8b465ee728b)
Start importing Assets/Prefabs/Gear (80mm).prefab using Guid(b4fbe044b4220664f8e079175231c93c) Importer(815301076,1909f56bfc062723c751e8b465ee728b)  -> (artifact id: 'fca1a6d2a499472b6b3fc5d12a0a1a4c') in 0.064494 seconds
  Import took 0.072245 seconds .

========================================================================
Received Import Request.
  Time since last request: 0.000205 seconds.
  path: Assets/Prefabs/Gear.prefab
  artifactKey: Guid(2ef1191be0ba2784c95816d705bd1c66) Importer(815301076,1909f56bfc062723c751e8b465ee728b)
Start importing Assets/Prefabs/Gear.prefab using Guid(2ef1191be0ba2784c95816d705bd1c66) Importer(815301076,1909f56bfc062723c751e8b465ee728b)  -> (artifact id: '1e7d0f94847ad520a2688958183836f2') in 0.052095 seconds
  Import took 0.054496 seconds .

========================================================================
Received Import Request.
  Time since last request: 0.000174 seconds.
  path: Assets/Prefabs/Gear (100mm).prefab
  artifactKey: Guid(aa73e2208147908418833df69203ee5c) Importer(815301076,1909f56bfc062723c751e8b465ee728b)
Start importing Assets/Prefabs/Gear (100mm).prefab using Guid(aa73e2208147908418833df69203ee5c) Importer(815301076,1909f56bfc062723c751e8b465ee728b)  -> (artifact id: '313567b0029b7c6664b3613fb3ef8a0b') in 0.072516 seconds
  Import took 0.074669 seconds .

========================================================================
Received Prepare
Shader 'PointClouds/PointSplat': fallback shader 'PointClouds/PointSplatLegacy' not found
Refreshing native plugins compatible for Editor in 17.21 ms, found 2 plugins.
Preloading 1 native plugins for Editor in 0.10 ms.
Unloading 30 Unused Serialized files (Serialized files now loaded: 0)
System memory in use before: 43.3 MB.
System memory in use after: 43.4 MB.

Unloading 31 unused Assets to reduce memory usage. Loaded Objects now: 1911.
Total: 11.980500 ms (FindLiveObjects: 0.294800 ms CreateObjectMapping: 0.077200 ms MarkObjects: 11.566700 ms  DeleteObjects: 0.039700 ms)

========================================================================
Received Prepare
Shader 'PointClouds/PointSplat': fallback shader 'PointClouds/PointSplatLegacy' not found
Refreshing native plugins compatible for Editor in 17.24 ms, found 2 plugins.
Preloading 1 native plugins for Editor in 0.09 ms.
Unloading 30 Unused Serialized files (Serialized files now loaded: 0)
System memory in use before: 43.3 MB.
System memory in use after: 43.4 MB.

Unloading 30 unused Assets to reduce memory usage. Loaded Objects now: 1911.
Total: 2.849800 ms (FindLiveObjects: 0.174200 ms CreateObjectMapping: 0.045700 ms MarkObjects: 2.608500 ms  DeleteObjects: 0.020400 ms)

========================================================================
Received Prepare
Registering precompiled user dll's ...
Registered in 0.004555 seconds.
Begin MonoManager ReloadAssembly
Native extension for WindowsStandalone target not found
Refreshing native plugins compatible for Editor in 0.51 ms, found 2 plugins.
Preloading 1 native plugins for Editor in 0.08 ms.
System.NullReferenceException: Object reference not set to an instance of an object
  at Vuforia.EditorClasses.ExtensionTypeProvider.GetVuforiaPackageAbsPath () [0x0004a] in <f93bc12ce1034617aac9a18135b94276>:0 
  at Vuforia.EditorClasses.ExtensionTypeProvider.IsPackageManager () [0x00000] in <f93bc12ce1034617aac9a18135b94276>:0 
  at Vuforia.EditorClasses.ExtensionTypeProvider.ResolvePluginType () [0x00009] in <f93bc12ce1034617aac9a18135b94276>:0 
  at Vuforia.EditorClasses.ExtensionTypeProvider.GetPluginType () [0x0000c] in <f93bc12ce1034617aac9a18135b94276>:0 
  at Vuforia.EditorClasses.VuforiaUtilities.IsVuforiaEnabledInPlayerSettings () [0x00000] in <f93bc12ce1034617aac9a18135b94276>:0 
  at VuforiaEnabledObserver..cctor () [0x00000] in <f93bc12ce1034617aac9a18135b94276>:0 
UnityEngine.StackTraceUtility:ExtractStackTrace ()
UnityEngine.DebugLogHandler:LogFormat (UnityEngine.LogType,UnityEngine.Object,string,object[])
UnityEngine.Logger:Log (UnityEngine.LogType,object)
UnityEngine.Debug:LogError (object)
UnityEditor.EditorAssemblies:ProcessInitializeOnLoadAttributes (System.Type[])

System.NullReferenceException: Object reference not set to an instance of an object
  at Vuforia.EditorClasses.ExtensionTypeProvider.GetVuforiaPackageAbsPath () [0x0004a] in <f93bc12ce1034617aac9a18135b94276>:0 
  at Vuforia.EditorClasses.ExtensionTypeProvider.IsPackageManager () [0x00000] in <f93bc12ce1034617aac9a18135b94276>:0 
  at Vuforia.EditorClasses.ExtensionTypeProvider.ResolvePluginType () [0x00009] in <f93bc12ce1034617aac9a18135b94276>:0 
  at Vuforia.EditorClasses.ExtensionTypeProvider.GetPluginType () [0x0000c] in <f93bc12ce1034617aac9a18135b94276>:0 
  at Vuforia.EditorClasses.VuforiaUtilities.IsVuforiaEnabledInPlayerSettings () [0x00000] in <f93bc12ce1034617aac9a18135b94276>:0 
  at Vuforia.EditorClasses.InitializeOnLoadVuforiaTaskRunner..cctor () [0x00015] in <f93bc12ce1034617aac9a18135b94276>:0 
UnityEngine.StackTraceUtility:ExtractStackTrace ()
UnityEngine.DebugLogHandler:LogFormat (UnityEngine.LogType,UnityEngine.Object,string,object[])
UnityEngine.Logger:Log (UnityEngine.LogType,object)
UnityEngine.Debug:LogError (object)
UnityEditor.EditorAssemblies:ProcessInitializeOnLoadAttributes (System.Type[])

Mono: successfully reloaded assembly
- Completed reload, in  1.733 seconds
Platform modules already initialized, skipping
Switching build target platform(19) subTarget(0) extendedPlatform(0) -> platform(13) subTarget(537395200) extendedPlatform(0)
Shader 'PointClouds/PointSplat': fallback shader 'PointClouds/PointSplatLegacy' not found
Refreshing native plugins compatible for Editor in 0.56 ms, found 2 plugins.
Preloading 1 native plugins for Editor in 0.09 ms.
Unloading 1154 Unused Serialized files (Serialized files now loaded: 0)
System memory in use before: 64.4 MB.
System memory in use after: 64.4 MB.

Unloading 32 unused Assets to reduce memory usage. Loaded Objects now: 1914.
Total: 5.050600 ms (FindLiveObjects: 0.152300 ms CreateObjectMapping: 0.042500 ms MarkObjects: 4.803400 ms  DeleteObjects: 0.050400 ms)

AssetImportParameters requested are different than current active one (requested -> active):
  custom:graphics/normal-map-encoding: 01000000000000000000000000000000 -> 02000000000000000000000000000000
========================================================================
Received Import Request.
  Time since last request: 640.155221 seconds.
  path: Assets/Prefabs/Gear (80mm).prefab
  artifactKey: Guid(b4fbe044b4220664f8e079175231c93c) Importer(815301076,1909f56bfc062723c751e8b465ee728b)
Start importing Assets/Prefabs/Gear (80mm).prefab using Guid(b4fbe044b4220664f8e079175231c93c) Importer(815301076,1909f56bfc062723c751e8b465ee728b)  -> (artifact id: 'dcff1b4dc12929eca27601f8da12fd9b') in 0.242047 seconds
  Import took 0.250225 seconds .

========================================================================
Received Import Request.
  Time since last request: 0.000292 seconds.
  path: Assets/Prefabs/Gear 60mm 6 Teeth.prefab
  artifactKey: Guid(5bff35184877c994996a3633a7f9ef7b) Importer(815301076,1909f56bfc062723c751e8b465ee728b)
Start importing Assets/Prefabs/Gear 60mm 6 Teeth.prefab using Guid(5bff35184877c994996a3633a7f9ef7b) Importer(815301076,1909f56bfc062723c751e8b465ee728b)  -> (artifact id: '6bacb1708d371610835e03460e562c9a') in 0.049572 seconds
  Import took 0.052547 seconds .

========================================================================
Received Import Request.
  Time since last request: 0.000174 seconds.
  path: Assets/Prefabs/Gear 50mm 5 Teeth.prefab
  artifactKey: Guid(bc122b32a03b06d44a1af07dc8fc81d9) Importer(815301076,1909f56bfc062723c751e8b465ee728b)
Start importing Assets/Prefabs/Gear 50mm 5 Teeth.prefab using Guid(bc122b32a03b06d44a1af07dc8fc81d9) Importer(815301076,1909f56bfc062723c751e8b465ee728b)  -> (artifact id: '38c71558f4637979459d57dc3285432c') in 0.044428 seconds
  Import took 0.046858 seconds .

========================================================================
Received Import Request.
  Time since last request: 0.000169 seconds.
  path: Assets/Prefabs/Gear 80mm 8 Teeth.prefab
  artifactKey: Guid(4d46be7d6bfe83e4fa39dd4878e61551) Importer(815301076,1909f56bfc062723c751e8b465ee728b)
Start importing Assets/Prefabs/Gear 80mm 8 Teeth.prefab using Guid(4d46be7d6bfe83e4fa39dd4878e61551) Importer(815301076,1909f56bfc062723c751e8b465ee728b)  -> (artifact id: '858c08333f5d532fbba42499e78aabd6') in 0.041895 seconds
  Import took 0.053863 seconds .

========================================================================
Received Import Request.
  Time since last request: 0.000231 seconds.
  path: Assets/Prefabs/Gear 100mm 10 Teeth.prefab
  artifactKey: Guid(dc4def196b9beb14499f8bc98b068897) Importer(815301076,1909f56bfc062723c751e8b465ee728b)
Start importing Assets/Prefabs/Gear 100mm 10 Teeth.prefab using Guid(dc4def196b9beb14499f8bc98b068897) Importer(815301076,1909f56bfc062723c751e8b465ee728b)  -> (artifact id: 'e90df39a8bdc9b9cb8ab91f8bb54f245') in 0.047244 seconds
  Import took 0.050864 seconds .

========================================================================
Received Import Request.
  Time since last request: 0.000203 seconds.
  path: Assets/Prefabs/Gear (60mm).prefab
  artifactKey: Guid(7be087d1bf10fde4e84d1c94578f3f11) Importer(815301076,1909f56bfc062723c751e8b465ee728b)
Start importing Assets/Prefabs/Gear (60mm).prefab using Guid(7be087d1bf10fde4e84d1c94578f3f11) Importer(815301076,1909f56bfc062723c751e8b465ee728b)  -> (artifact id: '48dd998c22844f5597f04e926ded559d') in 0.053666 seconds
  Import took 0.056598 seconds .

========================================================================
Received Import Request.
  Time since last request: 0.000265 seconds.
  path: Assets/Prefabs/Gear.prefab
  artifactKey: Guid(2ef1191be0ba2784c95816d705bd1c66) Importer(815301076,1909f56bfc062723c751e8b465ee728b)
Start importing Assets/Prefabs/Gear.prefab using Guid(2ef1191be0ba2784c95816d705bd1c66) Importer(815301076,1909f56bfc062723c751e8b465ee728b)  -> (artifact id: 'd99edb46b20b8bfebbe9e332b9edd4e7') in 0.046210 seconds
  Import took 0.048933 seconds .

========================================================================
Received Import Request.
  Time since last request: 0.000185 seconds.
  path: Assets/Prefabs/GearOld.prefab
  artifactKey: Guid(eac723176829a3441b4168cc375120b7) Importer(815301076,1909f56bfc062723c751e8b465ee728b)
Start importing Assets/Prefabs/GearOld.prefab using Guid(eac723176829a3441b4168cc375120b7) Importer(815301076,1909f56bfc062723c751e8b465ee728b)  -> (artifact id: 'ab75bc19016fe1587d634659f52cbad8') in 0.044077 seconds
  Import took 0.046275 seconds .

========================================================================
Received Import Request.
  Time since last request: 0.000174 seconds.
  path: Assets/Prefabs/Gear (100mm).prefab
  artifactKey: Guid(aa73e2208147908418833df69203ee5c) Importer(815301076,1909f56bfc062723c751e8b465ee728b)
Start importing Assets/Prefabs/Gear (100mm).prefab using Guid(aa73e2208147908418833df69203ee5c) Importer(815301076,1909f56bfc062723c751e8b465ee728b)  -> (artifact id: 'd6a00f1fd972e521d9a421c3bfe7fa2c') in 0.077310 seconds
  Import took 0.079725 seconds .

========================================================================
Received Import Request.
  Time since last request: 1.143155 seconds.
  path: Assets/Scripts/LookAtCamera.cs
  artifactKey: Guid(53a0c51b6894b5043b9802f89a7347ed) Importer(815301076,1909f56bfc062723c751e8b465ee728b)
Start importing Assets/Scripts/LookAtCamera.cs using Guid(53a0c51b6894b5043b9802f89a7347ed) Importer(815301076,1909f56bfc062723c751e8b465ee728b)  -> (artifact id: '61f9459ef60450a4260ecd0dce36c098') in 0.006034 seconds
  Import took 0.013992 seconds .

========================================================================
Received Import Request.
  Time since last request: 6.080116 seconds.
  path: Assets/Scripts/IdentityRotation.cs
  artifactKey: Guid(53a0c51b6894b5043b9802f89a7347ed) Importer(815301076,1909f56bfc062723c751e8b465ee728b)
Start importing Assets/Scripts/IdentityRotation.cs using Guid(53a0c51b6894b5043b9802f89a7347ed) Importer(815301076,1909f56bfc062723c751e8b465ee728b)  -> (artifact id: '17ae6815279d3e64c075e64e94015677') in 0.011238 seconds
  Import took 0.014910 seconds .

========================================================================
Received Import Request.
  Time since last request: 0.017471 seconds.
  path: Assets/Scripts/IdentityRotation.cs
  artifactKey: Guid(53a0c51b6894b5043b9802f89a7347ed) Importer(815301076,1909f56bfc062723c751e8b465ee728b)
Start importing Assets/Scripts/IdentityRotation.cs using Guid(53a0c51b6894b5043b9802f89a7347ed) Importer(815301076,1909f56bfc062723c751e8b465ee728b)  -> (artifact id: '17ae6815279d3e64c075e64e94015677') in 0.002864 seconds
  Import took 0.011068 seconds .

========================================================================
Received Prepare
Registering precompiled user dll's ...
Registered in 0.010234 seconds.
Begin MonoManager ReloadAssembly
Native extension for WindowsStandalone target not found
Refreshing native plugins compatible for Editor in 0.48 ms, found 2 plugins.
Preloading 1 native plugins for Editor in 0.08 ms.
System.NullReferenceException: Object reference not set to an instance of an object
  at Vuforia.EditorClasses.ExtensionTypeProvider.GetVuforiaPackageAbsPath () [0x0004a] in <f93bc12ce1034617aac9a18135b94276>:0 
  at Vuforia.EditorClasses.ExtensionTypeProvider.IsPackageManager () [0x00000] in <f93bc12ce1034617aac9a18135b94276>:0 
  at Vuforia.EditorClasses.ExtensionTypeProvider.ResolvePluginType () [0x00009] in <f93bc12ce1034617aac9a18135b94276>:0 
  at Vuforia.EditorClasses.ExtensionTypeProvider.GetPluginType () [0x0000c] in <f93bc12ce1034617aac9a18135b94276>:0 
  at Vuforia.EditorClasses.VuforiaUtilities.IsVuforiaEnabledInPlayerSettings () [0x00000] in <f93bc12ce1034617aac9a18135b94276>:0 
  at VuforiaEnabledObserver..cctor () [0x00000] in <f93bc12ce1034617aac9a18135b94276>:0 
UnityEngine.StackTraceUtility:ExtractStackTrace ()
UnityEngine.DebugLogHandler:LogFormat (UnityEngine.LogType,UnityEngine.Object,string,object[])
UnityEngine.Logger:Log (UnityEngine.LogType,object)
UnityEngine.Debug:LogError (object)
UnityEditor.EditorAssemblies:ProcessInitializeOnLoadAttributes (System.Type[])

System.NullReferenceException: Object reference not set to an instance of an object
  at Vuforia.EditorClasses.ExtensionTypeProvider.GetVuforiaPackageAbsPath () [0x0004a] in <f93bc12ce1034617aac9a18135b94276>:0 
  at Vuforia.EditorClasses.ExtensionTypeProvider.IsPackageManager () [0x00000] in <f93bc12ce1034617aac9a18135b94276>:0 
  at Vuforia.EditorClasses.ExtensionTypeProvider.ResolvePluginType () [0x00009] in <f93bc12ce1034617aac9a18135b94276>:0 
  at Vuforia.EditorClasses.ExtensionTypeProvider.GetPluginType () [0x0000c] in <f93bc12ce1034617aac9a18135b94276>:0 
  at Vuforia.EditorClasses.VuforiaUtilities.IsVuforiaEnabledInPlayerSettings () [0x00000] in <f93bc12ce1034617aac9a18135b94276>:0 
  at Vuforia.EditorClasses.InitializeOnLoadVuforiaTaskRunner..cctor () [0x00015] in <f93bc12ce1034617aac9a18135b94276>:0 
UnityEngine.StackTraceUtility:ExtractStackTrace ()
UnityEngine.DebugLogHandler:LogFormat (UnityEngine.LogType,UnityEngine.Object,string,object[])
UnityEngine.Logger:Log (UnityEngine.LogType,object)
UnityEngine.Debug:LogError (object)
UnityEditor.EditorAssemblies:ProcessInitializeOnLoadAttributes (System.Type[])

Mono: successfully reloaded assembly
- Completed reload, in  1.608 seconds
Platform modules already initialized, skipping
Switching build target platform(19) subTarget(0) extendedPlatform(0) -> platform(13) subTarget(537395200) extendedPlatform(0)
Shader 'PointClouds/PointSplat': fallback shader 'PointClouds/PointSplatLegacy' not found
Refreshing native plugins compatible for Editor in 0.44 ms, found 2 plugins.
Preloading 1 native plugins for Editor in 0.08 ms.
Unloading 1154 Unused Serialized files (Serialized files now loaded: 0)
System memory in use before: 64.4 MB.
System memory in use after: 64.5 MB.

Unloading 33 unused Assets to reduce memory usage. Loaded Objects now: 1918.
Total: 2.990700 ms (FindLiveObjects: 0.181900 ms CreateObjectMapping: 0.044300 ms MarkObjects: 2.724800 ms  DeleteObjects: 0.038100 ms)

AssetImportParameters requested are different than current active one (requested -> active):
  custom:graphics/normal-map-encoding: 01000000000000000000000000000000 -> 02000000000000000000000000000000
========================================================================
Received Import Request.
  Time since last request: 6.116664 seconds.
  path: Assets/Scripts/GearRatioText.cs
  artifactKey: Guid(d33fe696f0e5d474ab8f22c86d84c5f9) Importer(815301076,1909f56bfc062723c751e8b465ee728b)
Start importing Assets/Scripts/GearRatioText.cs using Guid(d33fe696f0e5d474ab8f22c86d84c5f9) Importer(815301076,1909f56bfc062723c751e8b465ee728b)  -> (artifact id: 'f18f282114ab1d679a04b797476c792d') in 0.011127 seconds
  Import took 0.014033 seconds .

========================================================================
Received Import Request.
  Time since last request: 6.412927 seconds.
  path: Assets/Scenes/PhysicsTesting.unity
  artifactKey: Guid(e03ed3e5cf7d7384eb63dffa49965ac2) Importer(815301076,1909f56bfc062723c751e8b465ee728b)
Start importing Assets/Scenes/PhysicsTesting.unity using Guid(e03ed3e5cf7d7384eb63dffa49965ac2) Importer(815301076,1909f56bfc062723c751e8b465ee728b)  -> (artifact id: '314cd942ad310fafb272a41efa1dafe0') in 0.016911 seconds
  Import took 0.022745 seconds .

========================================================================
Received Import Request.
  Time since last request: 23.091988 seconds.
  path: Assets/Prefabs/Gear 50mm 5 Teeth.prefab
  artifactKey: Guid(bc122b32a03b06d44a1af07dc8fc81d9) Importer(815301076,1909f56bfc062723c751e8b465ee728b)
Start importing Assets/Prefabs/Gear 50mm 5 Teeth.prefab using Guid(bc122b32a03b06d44a1af07dc8fc81d9) Importer(815301076,1909f56bfc062723c751e8b465ee728b)  -> (artifact id: '60d5c05d8f11219c0bb3acd6ea30de3b') in 0.203151 seconds
  Import took 0.205626 seconds .

========================================================================
Received Import Request.
  Time since last request: 0.000214 seconds.
  path: Assets/Prefabs/Gear 60mm 6 Teeth.prefab
  artifactKey: Guid(5bff35184877c994996a3633a7f9ef7b) Importer(815301076,1909f56bfc062723c751e8b465ee728b)
Start importing Assets/Prefabs/Gear 60mm 6 Teeth.prefab using Guid(5bff35184877c994996a3633a7f9ef7b) Importer(815301076,1909f56bfc062723c751e8b465ee728b)  -> (artifact id: 'a6724e48287941a23cb0b0f4441728bc') in 0.056485 seconds
  Import took 0.059683 seconds .

========================================================================
Received Import Request.
  Time since last request: 0.000192 seconds.
  path: Assets/Prefabs/Gear 80mm 8 Teeth.prefab
  artifactKey: Guid(4d46be7d6bfe83e4fa39dd4878e61551) Importer(815301076,1909f56bfc062723c751e8b465ee728b)
Start importing Assets/Prefabs/Gear 80mm 8 Teeth.prefab using Guid(4d46be7d6bfe83e4fa39dd4878e61551) Importer(815301076,1909f56bfc062723c751e8b465ee728b)  -> (artifact id: '7b4e864146d2ad6d2803d47fec1e5db0') in 0.070976 seconds
  Import took 0.076998 seconds .

========================================================================
Received Import Request.
  Time since last request: 0.000288 seconds.
  path: Assets/Prefabs/Gear 100mm 10 Teeth.prefab
  artifactKey: Guid(dc4def196b9beb14499f8bc98b068897) Importer(815301076,1909f56bfc062723c751e8b465ee728b)
Start importing Assets/Prefabs/Gear 100mm 10 Teeth.prefab using Guid(dc4def196b9beb14499f8bc98b068897) Importer(815301076,1909f56bfc062723c751e8b465ee728b)  -> (artifact id: 'd79087be88fcce41f93bec42f53ba23e') in 0.057823 seconds
  Import took 0.061236 seconds .

========================================================================
Received Import Request.
  Time since last request: 0.000194 seconds.
  path: Assets/Prefabs/Gear.prefab
  artifactKey: Guid(eac723176829a3441b4168cc375120b7) Importer(815301076,1909f56bfc062723c751e8b465ee728b)
Start importing Assets/Prefabs/Gear.prefab using Guid(eac723176829a3441b4168cc375120b7) Importer(815301076,1909f56bfc062723c751e8b465ee728b)  -> (artifact id: '3f07be81f8eac62ed33950d4987c0ea8') in 0.058174 seconds
  Import took 0.061008 seconds .

========================================================================
Received Import Request.
  Time since last request: 27.998906 seconds.
  path: Assets/Scenes/MainScene.unity
  artifactKey: Guid(9fc0d4010bbf28b4594072e72b8655ab) Importer(815301076,1909f56bfc062723c751e8b465ee728b)
Start importing Assets/Scenes/MainScene.unity using Guid(9fc0d4010bbf28b4594072e72b8655ab) Importer(815301076,1909f56bfc062723c751e8b465ee728b)  -> (artifact id: 'ddc272f527517709b5c50ee826611e98') in 0.014134 seconds
  Import took 0.016370 seconds .

========================================================================
Received Import Request.
  Time since last request: 0.024390 seconds.
  path: Assets/Scenes/MainScene.unity
  artifactKey: Guid(9fc0d4010bbf28b4594072e72b8655ab) Importer(815301076,1909f56bfc062723c751e8b465ee728b)
Start importing Assets/Scenes/MainScene.unity using Guid(9fc0d4010bbf28b4594072e72b8655ab) Importer(815301076,1909f56bfc062723c751e8b465ee728b)  -> (artifact id: 'ddc272f527517709b5c50ee826611e98') in 0.004305 seconds
  Import took 0.007666 seconds .

========================================================================
Received Prepare
Registering precompiled user dll's ...
Registered in 0.004268 seconds.
Begin MonoManager ReloadAssembly
Native extension for WindowsStandalone target not found
Refreshing native plugins compatible for Editor in 0.49 ms, found 2 plugins.
Preloading 1 native plugins for Editor in 0.09 ms.
System.NullReferenceException: Object reference not set to an instance of an object
  at Vuforia.EditorClasses.ExtensionTypeProvider.GetVuforiaPackageAbsPath () [0x0004a] in <f93bc12ce1034617aac9a18135b94276>:0 
  at Vuforia.EditorClasses.ExtensionTypeProvider.IsPackageManager () [0x00000] in <f93bc12ce1034617aac9a18135b94276>:0 
  at Vuforia.EditorClasses.ExtensionTypeProvider.ResolvePluginType () [0x00009] in <f93bc12ce1034617aac9a18135b94276>:0 
  at Vuforia.EditorClasses.ExtensionTypeProvider.GetPluginType () [0x0000c] in <f93bc12ce1034617aac9a18135b94276>:0 
  at Vuforia.EditorClasses.VuforiaUtilities.IsVuforiaEnabledInPlayerSettings () [0x00000] in <f93bc12ce1034617aac9a18135b94276>:0 
  at VuforiaEnabledObserver..cctor () [0x00000] in <f93bc12ce1034617aac9a18135b94276>:0 
UnityEngine.StackTraceUtility:ExtractStackTrace ()
UnityEngine.DebugLogHandler:LogFormat (UnityEngine.LogType,UnityEngine.Object,string,object[])
UnityEngine.Logger:Log (UnityEngine.LogType,object)
UnityEngine.Debug:LogError (object)
UnityEditor.EditorAssemblies:ProcessInitializeOnLoadAttributes (System.Type[])

System.NullReferenceException: Object reference not set to an instance of an object
  at Vuforia.EditorClasses.ExtensionTypeProvider.GetVuforiaPackageAbsPath () [0x0004a] in <f93bc12ce1034617aac9a18135b94276>:0 
  at Vuforia.EditorClasses.ExtensionTypeProvider.IsPackageManager () [0x00000] in <f93bc12ce1034617aac9a18135b94276>:0 
  at Vuforia.EditorClasses.ExtensionTypeProvider.ResolvePluginType () [0x00009] in <f93bc12ce1034617aac9a18135b94276>:0 
  at Vuforia.EditorClasses.ExtensionTypeProvider.GetPluginType () [0x0000c] in <f93bc12ce1034617aac9a18135b94276>:0 
  at Vuforia.EditorClasses.VuforiaUtilities.IsVuforiaEnabledInPlayerSettings () [0x00000] in <f93bc12ce1034617aac9a18135b94276>:0 
  at Vuforia.EditorClasses.InitializeOnLoadVuforiaTaskRunner..cctor () [0x00015] in <f93bc12ce1034617aac9a18135b94276>:0 
UnityEngine.StackTraceUtility:ExtractStackTrace ()
UnityEngine.DebugLogHandler:LogFormat (UnityEngine.LogType,UnityEngine.Object,string,object[])
UnityEngine.Logger:Log (UnityEngine.LogType,object)
UnityEngine.Debug:LogError (object)
UnityEditor.EditorAssemblies:ProcessInitializeOnLoadAttributes (System.Type[])

Mono: successfully reloaded assembly
- Completed reload, in  3.360 seconds
Platform modules already initialized, skipping
Switching build target platform(19) subTarget(0) extendedPlatform(0) -> platform(13) subTarget(537395200) extendedPlatform(0)
Shader 'PointClouds/PointSplat': fallback shader 'PointClouds/PointSplatLegacy' not found
Refreshing native plugins compatible for Editor in 0.46 ms, found 2 plugins.
Preloading 1 native plugins for Editor in 0.08 ms.
Unloading 1154 Unused Serialized files (Serialized files now loaded: 0)
System memory in use before: 64.4 MB.
System memory in use after: 64.5 MB.

Unloading 33 unused Assets to reduce memory usage. Loaded Objects now: 1922.
Total: 1.859000 ms (FindLiveObjects: 0.226700 ms CreateObjectMapping: 0.042900 ms MarkObjects: 1.558800 ms  DeleteObjects: 0.029100 ms)

AssetImportParameters requested are different than current active one (requested -> active):
  custom:graphics/normal-map-encoding: 01000000000000000000000000000000 -> 02000000000000000000000000000000
========================================================================
Received Prepare
Shader 'PointClouds/PointSplat': fallback shader 'PointClouds/PointSplatLegacy' not found
Refreshing native plugins compatible for Editor in 8.61 ms, found 2 plugins.
Preloading 1 native plugins for Editor in 0.06 ms.
Unloading 30 Unused Serialized files (Serialized files now loaded: 0)
System memory in use before: 42.5 MB.
System memory in use after: 42.6 MB.

Unloading 30 unused Assets to reduce memory usage. Loaded Objects now: 1922.
Total: 1.873100 ms (FindLiveObjects: 0.255500 ms CreateObjectMapping: 0.067000 ms MarkObjects: 1.530000 ms  DeleteObjects: 0.019500 ms)

========================================================================
Received Prepare
Shader 'PointClouds/PointSplat': fallback shader 'PointClouds/PointSplatLegacy' not found
Refreshing native plugins compatible for Editor in 7.34 ms, found 2 plugins.
Preloading 1 native plugins for Editor in 0.06 ms.
Unloading 30 Unused Serialized files (Serialized files now loaded: 0)
System memory in use before: 42.5 MB.
System memory in use after: 42.6 MB.

Unloading 30 unused Assets to reduce memory usage. Loaded Objects now: 1922.
Total: 1.870000 ms (FindLiveObjects: 0.180300 ms CreateObjectMapping: 0.053200 ms MarkObjects: 1.610500 ms  DeleteObjects: 0.024800 ms)

========================================================================
Received Prepare
Shader 'PointClouds/PointSplat': fallback shader 'PointClouds/PointSplatLegacy' not found
Refreshing native plugins compatible for Editor in 8.42 ms, found 2 plugins.
Preloading 1 native plugins for Editor in 0.08 ms.
Unloading 30 Unused Serialized files (Serialized files now loaded: 0)
System memory in use before: 42.5 MB.
System memory in use after: 42.6 MB.

Unloading 30 unused Assets to reduce memory usage. Loaded Objects now: 1922.
Total: 2.777200 ms (FindLiveObjects: 0.223300 ms CreateObjectMapping: 0.123500 ms MarkObjects: 2.408400 ms  DeleteObjects: 0.021000 ms)

